0 info it worked if it ends with ok
1 verbose cli [ 'node',
1 verbose cli   '/usr/local/bin/npm',
1 verbose cli   'install',
1 verbose cli   'grunt-node-webkit-builder' ]
2 info using npm@1.3.14
3 info using node@v0.11.10
4 error Failed to parse json
4 error Unexpected token /
5 error File: /Users/petar/Development/GitHubDevelopment/nw-desktop-notifications/package.json
6 error Failed to parse package.json data.
6 error package.json must be actual JSON, not just JavaScript.
6 error
6 error This is not a bug in npm.
6 error Tell the package author to fix their package.json file. JSON.parse
7 error System Darwin 12.5.0
8 error command "node" "/usr/local/bin/npm" "install" "grunt-node-webkit-builder"
9 error cwd /Users/petar/Development/GitHubDevelopment/nw-desktop-notifications
10 error node -v v0.11.10
11 error npm -v 1.3.14
12 error file /Users/petar/Development/GitHubDevelopment/nw-desktop-notifications/package.json
13 error code EJSONPARSE
14 verbose exit [ 1, true ]
